2021-08-30 14:36:12 [INFO] - LOCAL_SNAPSHOT_PATH:/Users/chenweilong/nacos/config
2021-08-30 14:36:12 [INFO] - limitTime:5.0
2021-08-30 14:36:12 [WARN] - Ignore the empty nacos configuration and get it based on dataId[lucky-btc] & group[DEFAULT_GROUP]
2021-08-30 14:36:12 [INFO] - isMultiInstance:false
2021-08-30 14:36:12 [WARN] - Ignore the empty nacos configuration and get it based on dataId[lucky-btc-prod.yaml] & group[DEFAULT_GROUP]
2021-08-30 14:36:12 [INFO] - Located property source: [BootstrapPropertySource {name='bootstrapProperties-lucky-btc-prod.yaml,DEFAULT_GROUP'}, BootstrapPropertySource {name='bootstrapProperties-lucky-btc.yaml,DEFAULT_GROUP'}, BootstrapPropertySource {name='bootstrapProperties-lucky-btc,DEFAULT_GROUP'}]
2021-08-30 14:36:12 [INFO] - The following profiles are active: prod
2021-08-30 14:36:14 [INFO] - Multiple Spring Data modules found, entering strict repository configuration mode!
2021-08-30 14:36:14 [INFO] - Bootstrapping Spring Data Redis repositories in DEFAULT mode.
2021-08-30 14:36:14 [INFO] - Finished Spring Data repository scanning in 55ms. Found 0 Redis repository interfaces.
2021-08-30 14:36:15 [WARN] - Endpoint ID 'service-registry' contains invalid characters, please migrate to a valid format.
2021-08-30 14:36:15 [INFO] - BeanFactory id=d39669f5-47ef-3408-8844-cf5ce72025cb
2021-08-30 14:36:17 [INFO] - Tomcat initialized with port(s): 8003 (http)
2021-08-30 14:36:17 [INFO] - Initializing ProtocolHandler ["http-nio-8003"]
2021-08-30 14:36:17 [INFO] - Starting service [Tomcat]
2021-08-30 14:36:17 [INFO] - Starting Servlet engine: [Apache Tomcat/9.0.35]
2021-08-30 14:36:17 [INFO] - Initializing Spring embedded WebApplicationContext
2021-08-30 14:36:17 [INFO] - Root WebApplicationContext: initialization completed in 5144 ms
2021-08-30 14:36:17 [WARN] - Endpoint ID 'nacos-config' contains invalid characters, please migrate to a valid format.
2021-08-30 14:36:17 [WARN] - Endpoint ID 'nacos-discovery' contains invalid characters, please migrate to a valid format.
2021-08-30 14:36:20 [INFO] - initializer namespace from System Property :null
2021-08-30 14:36:20 [INFO] - initializer namespace from System Environment :null
2021-08-30 14:36:20 [INFO] - initializer namespace from System Property :null
2021-08-30 14:36:21 [INFO] - Exposing 2 endpoint(s) beneath base path '/actuator'
2021-08-30 14:36:21 [INFO] - Mapped URL path [/v2/api-docs] onto method [springfox.documentation.swagger2.web.Swagger2Controller#getDocumentation(String, HttpServletRequest)]
2021-08-30 14:36:21 [WARN] - No URLs will be polled as dynamic configuration sources.
2021-08-30 14:36:21 [INFO] - To enable URLs as dynamic configuration sources, define System property archaius.configurationSource.additionalUrls or make config.properties available on classpath.
2021-08-30 14:36:21 [WARN] - No URLs will be polled as dynamic configuration sources.
2021-08-30 14:36:21 [INFO] - To enable URLs as dynamic configuration sources, define System property archaius.configurationSource.additionalUrls or make config.properties available on classpath.
2021-08-30 14:36:21 [INFO] - Initializing ExecutorService 'applicationTaskExecutor'
2021-08-30 14:36:22 [INFO] - Initializing ExecutorService 'taskScheduler'
2021-08-30 14:36:22 [INFO] - Starting ProtocolHandler ["http-nio-8003"]
2021-08-30 14:36:22 [INFO] - Tomcat started on port(s): 8003 (http) with context path ''
2021-08-30 14:36:22 [INFO] - [BEAT] adding beat: {"cluster":"DEFAULT","ip":"192.168.95.21","metadata":{"preserved.register.source":"SPRING_CLOUD"},"period":5000,"port":8003,"scheduled":false,"serviceName":"DEFAULT_GROUP@@lucky-btc","stopped":false,"weight":1.0} to beat map.
2021-08-30 14:36:22 [INFO] - [REGISTER-SERVICE] public registering service DEFAULT_GROUP@@lucky-btc with instance: {"clusterName":"DEFAULT","enabled":true,"ephemeral":true,"healthy":true,"instanceHeartBeatInterval":5000,"instanceHeartBeatTimeOut":15000,"ip":"192.168.95.21","ipDeleteTimeout":30000,"metadata":{"preserved.register.source":"SPRING_CLOUD"},"port":8003,"weight":1.0}
2021-08-30 14:36:22 [INFO] - nacos registry, DEFAULT_GROUP lucky-btc 192.168.95.21:8003 register finished
2021-08-30 14:36:22 [INFO] - Context refreshed
2021-08-30 14:36:22 [INFO] - Found 1 custom documentation plugin(s)
2021-08-30 14:36:22 [INFO] - Scanning for api listing references
2021-08-30 14:36:23 [WARN] - Trying to infer dataType com.jxx.lucky.domain.BankerTypeEnum
2021-08-30 14:36:23 [WARN] - Trying to infer dataType com.jxx.lucky.domain.BankerTypeEnum
2021-08-30 14:36:23 [INFO] - HikariPool-1 - Starting...
2021-08-30 14:36:23 [INFO] - HikariPool-1 - Start completed.
2021-08-30 14:36:23 [INFO] - Started LuckyApplication in 13.984 seconds (JVM running for 16.023)
2021-08-30 14:36:23 [INFO] - [fixed-127.0.0.1_8848] [subscribe] lucky-btc-prod.yaml+DEFAULT_GROUP
2021-08-30 14:36:23 [INFO] - [fixed-127.0.0.1_8848] [add-listener] ok, tenant=, dataId=lucky-btc-prod.yaml, group=DEFAULT_GROUP, cnt=1
2021-08-30 14:36:23 [INFO] - [fixed-127.0.0.1_8848] [subscribe] lucky-btc+DEFAULT_GROUP
2021-08-30 14:36:23 [INFO] - [fixed-127.0.0.1_8848] [add-listener] ok, tenant=, dataId=lucky-btc, group=DEFAULT_GROUP, cnt=1
2021-08-30 14:36:23 [INFO] - [fixed-127.0.0.1_8848] [subscribe] lucky-btc.yaml+DEFAULT_GROUP
2021-08-30 14:36:23 [INFO] - [fixed-127.0.0.1_8848] [add-listener] ok, tenant=, dataId=lucky-btc.yaml, group=DEFAULT_GROUP, cnt=1
2021-08-30 14:36:24 [INFO] - Initializing Spring DispatcherServlet 'dispatcherServlet'
2021-08-30 14:36:24 [INFO] - Initializing Servlet 'dispatcherServlet'
2021-08-30 14:36:24 [INFO] - Completed initialization in 13 ms
2021-08-30 14:36:55 [INFO] - 08301436期停止下注
2021-08-30 14:37:05 [INFO] - 08301436期开奖[1630305425005, 38968.62, 34196.34, 30956.03, 35236.62, 79.17, 1630305425006, 33665.78, 754, 5.76265, 31230.15, 0]
2021-08-30 14:37:55 [INFO] - 08301437期停止下注
2021-08-30 14:38:05 [INFO] - 08301437期开奖[1630305485005, 32871.58, 37478.45, 36440.77, 31059.70, 81.55, 1630305485006, 33526.95, 754, 5.76265, 30621.42, 0]
2021-08-30 14:38:55 [INFO] - 08301438期停止下注
2021-08-30 14:39:05 [INFO] - 08301438期开奖[1630305545005, 30750.65, 35583.41, 37741.94, 36184.14, 83.93, 1630305545005, 38062.06, 754, 5.76265, 38649.20, 0]
2021-08-30 14:39:55 [INFO] - 08301439期停止下注
2021-08-30 14:40:05 [INFO] - 08301439期开奖[1630305605004, 37867.08, 38215.90, 35023.47, 39399.89, 32.36, 1630305605004, 35921.28, 754, 5.76265, 32832.56, 0]
2021-08-30 14:40:55 [INFO] - 08301440期停止下注
2021-08-30 14:41:05 [INFO] - 08301440期开奖[1630305665004, 30500.20, 36070.14, 33003.41, 39548.95, 38.22, 1630305665004, 30770.56, 754, 5.76265, 30140.12, 0]
2021-08-30 14:41:55 [INFO] - 08301441期停止下注
2021-08-30 14:42:05 [INFO] - 08301441期开奖[1630305725004, 38547.37, 33641.73, 37636.57, 36202.48, 96.44, 1630305725004, 31869.77, 754, 5.76265, 38504.04, 0]
2021-08-30 14:42:55 [INFO] - 08301442期停止下注
2021-08-30 14:43:05 [INFO] - 08301442期开奖[1630305785003, 35197.44, 36190.34, 35612.71, 31802.86, 97.07, 1630305785003, 37890.06, 754, 5.76265, 30953.20, 0]
2021-08-30 14:43:55 [INFO] - 08301443期停止下注
2021-08-30 14:44:05 [INFO] - 08301443期开奖[1630305845005, 36028.35, 35820.58, 33955.92, 33429.05, 42.89, 1630305845005, 35045.68, 754, 5.76265, 34547.67, 0]
2021-08-30 14:44:55 [INFO] - 08301444期停止下注
2021-08-30 14:45:05 [INFO] - 08301444期开奖[1630305905004, 32584.83, 38349.30, 34263.11, 36316.10, 83.90, 1630305905004, 35877.59, 754, 5.76265, 34066.40, 0]
2021-08-30 14:45:55 [INFO] - 08301445期停止下注
2021-08-30 14:46:05 [INFO] - 08301445期开奖[1630305965004, 33084.20, 36265.04, 36421.65, 33266.51, 71.70, 1630305965004, 36547.27, 754, 5.76265, 33237.83, 0]
2021-08-30 14:46:55 [INFO] - 08301446期停止下注
2021-08-30 14:47:05 [INFO] - 08301446期开奖[1630306025004, 32159.28, 38330.80, 30265.66, 30275.24, 92.33, 1630306025005, 30920.27, 754, 5.76265, 34820.21, 0]
2021-08-30 14:47:55 [INFO] - 08301447期停止下注
2021-08-30 14:48:05 [INFO] - 08301447期开奖[1630306085003, 30392.00, 39302.44, 31600.14, 32704.29, 22.64, 1630306085003, 37910.90, 754, 5.76265, 36344.91, 0]
2021-08-30 14:48:55 [INFO] - 08301448期停止下注
2021-08-30 14:49:05 [INFO] - 08301448期开奖[1630306145004, 33646.80, 36083.44, 38370.45, 36643.78, 88.15, 1630306145005, 35659.84, 754, 5.76265, 37562.28, 0]
2021-08-30 14:49:55 [INFO] - 08301449期停止下注
2021-08-30 14:50:05 [INFO] - 08301449期开奖[1630306205004, 39728.97, 35821.33, 31029.93, 37474.38, 24.57, 1630306205004, 35450.39, 754, 5.76265, 33214.91, 0]
2021-08-30 14:50:55 [INFO] - 08301450期停止下注
2021-08-30 14:51:05 [INFO] - 08301450期开奖[1630306265003, 33390.27, 33465.27, 39413.01, 31392.12, 85.90, 1630306265003, 37849.61, 754, 5.76265, 34175.79, 0]
2021-08-30 14:51:55 [INFO] - 08301451期停止下注
2021-08-30 14:52:05 [INFO] - 08301451期开奖[1630306325002, 34649.82, 32001.50, 38502.56, 37987.66, 28.94, 1630306325003, 37465.42, 754, 5.76265, 38058.21, 0]
2021-08-30 14:52:55 [INFO] - 08301452期停止下注
2021-08-30 14:53:05 [INFO] - 08301452期开奖[1630306385003, 30748.37, 36327.39, 31691.04, 33112.92, 34.44, 1630306385004, 34214.32, 754, 5.76265, 31277.49, 0]
2021-08-30 14:53:55 [INFO] - 08301453期停止下注
2021-08-30 14:54:05 [INFO] - 08301453期开奖[1630306445004, 39325.49, 39211.32, 36383.89, 36137.07, 67.97, 1630306445004, 32341.29, 754, 5.76265, 33121.77, 0]
2021-08-30 14:54:55 [INFO] - 08301454期停止下注
2021-08-30 14:55:05 [INFO] - 08301454期开奖[1630306505004, 32646.34, 33287.90, 32142.88, 31958.66, 65.73, 1630306505004, 38545.50, 754, 5.76265, 32921.73, 0]
2021-08-30 14:55:55 [INFO] - 08301455期停止下注
2021-08-30 14:56:05 [INFO] - 08301455期开奖[1630306565034, 35836.13, 37636.71, 38491.53, 38254.61, 86.05, 1630306565034, 37530.60, 754, 5.76265, 35132.58, 0]
2021-08-30 14:56:55 [INFO] - 08301456期停止下注
2021-08-30 14:57:05 [INFO] - 08301456期开奖[1630306625005, 37316.53, 37204.38, 39118.66, 34268.91, 61.30, 1630306625005, 30243.55, 754, 5.76265, 38121.50, 0]
2021-08-30 14:57:55 [INFO] - 08301457期停止下注
2021-08-30 14:58:05 [INFO] - 08301457期开奖[1630306685005, 38287.82, 32078.90, 32045.18, 34495.66, 30.75, 1630306685005, 32407.58, 754, 5.76265, 33269.57, 0]
2021-08-30 14:58:55 [INFO] - 08301458期停止下注
2021-08-30 14:59:05 [INFO] - 08301458期开奖[1630306745004, 37095.64, 37829.86, 31872.78, 36410.39, 89.86, 1630306745004, 34697.41, 754, 5.76265, 33803.64, 0]
2021-08-30 14:59:55 [INFO] - 08301459期停止下注
2021-08-30 15:00:05 [INFO] - 08301459期开奖[1630306805004, 39085.79, 39506.74, 38622.25, 39875.01, 12.28, 1630306805004, 35415.43, 754, 5.76265, 37259.17, 0]
2021-08-30 15:00:55 [INFO] - 08301500期停止下注
2021-08-30 15:01:05 [INFO] - 08301500期开奖[1630306865004, 30771.86, 35231.75, 38018.98, 39339.88, 37.94, 1630306865004, 31167.34, 754, 5.76265, 30198.36, 0]
2021-08-30 15:01:55 [INFO] - 08301501期停止下注
2021-08-30 15:02:05 [INFO] - 08301501期开奖[1630306925006, 38553.69, 39002.51, 32160.73, 39904.27, 43.35, 1630306925006, 39522.77, 754, 5.76265, 38735.08, 0]
2021-08-30 15:02:55 [INFO] - 08301502期停止下注
2021-08-30 15:03:05 [INFO] - 08301502期开奖[1630306985005, 30077.50, 38594.48, 38704.26, 38513.48, 72.00, 1630306985006, 32374.07, 754, 5.76265, 37100.22, 0]
2021-08-30 15:03:55 [INFO] - 08301503期停止下注
2021-08-30 15:04:05 [INFO] - 08301503期开奖[1630307045004, 34259.22, 31255.05, 37285.08, 33467.59, 19.63, 1630307045004, 30683.32, 754, 5.76265, 32661.71, 0]
2021-08-30 15:04:55 [INFO] - 08301504期停止下注
2021-08-30 15:05:05 [INFO] - 08301504期开奖[1630307105003, 31124.65, 33757.73, 32871.20, 39927.20, 67.33, 1630307105003, 38795.30, 754, 5.76265, 39219.68, 0]
2021-08-30 15:05:55 [INFO] - 08301505期停止下注
2021-08-30 15:06:05 [INFO] - 08301505期开奖[1630307165004, 36658.44, 35587.68, 38224.65, 30335.01, 66.21, 1630307165004, 38138.40, 754, 5.76265, 36471.15, 0]
2021-08-30 15:06:55 [INFO] - 08301506期停止下注
2021-08-30 15:07:05 [INFO] - 08301506期开奖[1630307225004, 32040.30, 30559.65, 39521.40, 34116.00, 71.45, 1630307225004, 38253.53, 754, 5.76265, 34816.10, 0]
2021-08-30 15:07:55 [INFO] - 08301507期停止下注
2021-08-30 15:08:05 [INFO] - 08301507期开奖[1630307285005, 37923.64, 36578.94, 34115.36, 31538.38, 98.96, 1630307285005, 35225.30, 754, 5.76265, 32183.30, 0]
2021-08-30 15:08:55 [INFO] - 08301508期停止下注
2021-08-30 15:09:05 [INFO] - 08301508期开奖[1630307345003, 39016.76, 39825.13, 34462.07, 35726.08, 31.26, 1630307345003, 32620.97, 754, 5.76265, 32635.62, 0]
2021-08-30 15:09:55 [INFO] - 08301509期停止下注
2021-08-30 15:10:05 [INFO] - 08301509期开奖[1630307405003, 34332.61, 31782.39, 34445.02, 36429.71, 95.50, 1630307405004, 36913.70, 754, 5.76265, 38443.67, 0]
2021-08-30 15:10:55 [INFO] - 08301510期停止下注
2021-08-30 15:11:05 [INFO] - 08301510期开奖[1630307465005, 35835.09, 38696.36, 38013.79, 34951.51, 90.53, 1630307465005, 36941.64, 754, 5.76265, 31957.58, 0]
2021-08-30 15:11:55 [INFO] - 08301511期停止下注
2021-08-30 15:12:05 [INFO] - 08301511期开奖[1630307525003, 37075.52, 37825.13, 36776.24, 37263.98, 27.91, 1630307525003, 39741.49, 754, 5.76265, 37763.08, 0]
2021-08-30 15:12:55 [INFO] - 08301512期停止下注
2021-08-30 15:13:05 [INFO] - 08301512期开奖[1630307585001, 38948.21, 34597.06, 35046.10, 35152.37, 57.22, 1630307585002, 32005.15, 754, 5.76265, 38550.61, 0]
2021-08-30 15:13:55 [INFO] - 08301513期停止下注
2021-08-30 15:14:05 [INFO] - 08301513期开奖[1630307645007, 31853.07, 34916.03, 39337.80, 39270.93, 57.61, 1630307645010, 37870.34, 754, 5.76265, 37226.89, 0]
2021-08-30 15:14:55 [INFO] - 08301514期停止下注
2021-08-30 15:15:05 [INFO] - 08301514期开奖[1630307705003, 31735.16, 30479.18, 35949.78, 33227.57, 67.91, 1630307705003, 39118.01, 754, 5.76265, 34576.35, 0]
2021-08-30 15:15:55 [INFO] - 08301515期停止下注
2021-08-30 15:16:05 [INFO] - 08301515期开奖[1630307765005, 34416.02, 38685.84, 36838.10, 35095.57, 25.89, 1630307765005, 32590.82, 754, 5.76265, 31719.67, 0]
2021-08-30 15:16:55 [INFO] - 08301516期停止下注
2021-08-30 15:17:05 [INFO] - 08301516期开奖[1630307825005, 30128.14, 31378.73, 32592.97, 38371.53, 22.60, 1630307825005, 38461.03, 754, 5.76265, 34814.13, 0]
2021-08-30 15:17:55 [INFO] - 08301517期停止下注
2021-08-30 15:18:05 [INFO] - 08301517期开奖[1630307885006, 37243.02, 35691.95, 33241.84, 39236.34, 29.87, 1630307885006, 37271.72, 754, 5.76265, 39879.44, 0]
2021-08-30 15:18:55 [INFO] - 08301518期停止下注
2021-08-30 15:19:05 [INFO] - 08301518期开奖[1630307945004, 38535.05, 36634.38, 39851.72, 36798.80, 46.95, 1630307945004, 36587.26, 754, 5.76265, 32836.11, 0]
2021-08-30 15:19:55 [INFO] - 08301519期停止下注
2021-08-30 15:20:05 [INFO] - 08301519期开奖[1630308005001, 38946.04, 31785.49, 33696.77, 39996.44, 83.50, 1630308005001, 38727.64, 754, 5.76265, 30489.87, 0]
2021-08-30 15:20:55 [INFO] - 08301520期停止下注
2021-08-30 15:21:05 [INFO] - 08301520期开奖[1630308065000, 33235.05, 37419.98, 33222.03, 30775.06, 53.32, 1630308065000, 31272.15, 754, 5.76265, 39266.67, 0]
2021-08-30 15:21:55 [INFO] - 08301521期停止下注
2021-08-30 15:22:05 [INFO] - 08301521期开奖[1630308125003, 33207.48, 36389.06, 36714.25, 35327.08, 71.91, 1630308125003, 37492.54, 754, 5.76265, 32034.70, 0]
2021-08-30 15:22:55 [INFO] - 08301522期停止下注
2021-08-30 15:23:05 [INFO] - 08301522期开奖[1630308185019, 36692.97, 30104.54, 34119.14, 37606.43, 20.70, 1630308185021, 36527.75, 754, 5.76265, 31424.84, 0]
2021-08-30 15:23:55 [INFO] - 08301523期停止下注
2021-08-30 15:24:05 [INFO] - 08301523期开奖[1630308245006, 33058.90, 39994.09, 34700.12, 38248.68, 52.14, 1630308245006, 36557.99, 754, 5.76265, 35207.40, 0]
2021-08-30 15:24:55 [INFO] - 08301524期停止下注
2021-08-30 15:25:05 [INFO] - 08301524期开奖[1630308305005, 33851.07, 36203.63, 38976.50, 32260.91, 78.57, 1630308305005, 31208.86, 754, 5.76265, 31935.44, 0]
2021-08-30 15:25:55 [INFO] - 08301525期停止下注
2021-08-30 15:26:05 [INFO] - 08301525期开奖[1630308365003, 30257.28, 34991.16, 31098.21, 38363.90, 49.49, 1630308365003, 37286.88, 754, 5.76265, 37575.97, 0]
2021-08-30 15:26:55 [INFO] - 08301526期停止下注
2021-08-30 15:27:05 [INFO] - 08301526期开奖[1630308425005, 35255.93, 34698.38, 38166.06, 37824.31, 41.98, 1630308425005, 34340.19, 754, 5.76265, 33843.78, 0]
2021-08-30 15:27:55 [INFO] - 08301527期停止下注
2021-08-30 15:28:05 [INFO] - 08301527期开奖[1630308485004, 33752.87, 34469.62, 35928.58, 33964.11, 89.52, 1630308485004, 39617.47, 754, 5.76265, 38738.05, 0]
2021-08-30 15:28:55 [INFO] - 08301528期停止下注
2021-08-30 15:29:05 [INFO] - 08301528期开奖[1630308545005, 31355.34, 35549.10, 30367.46, 37482.86, 66.21, 1630308545005, 36874.64, 754, 5.76265, 35956.76, 0]
2021-08-30 15:29:55 [INFO] - 08301529期停止下注
2021-08-30 15:30:05 [INFO] - 08301529期开奖[1630308605003, 34117.95, 31107.98, 34150.66, 30538.23, 16.65, 1630308605003, 34904.19, 754, 5.76265, 35068.52, 0]
2021-08-30 15:30:55 [INFO] - 08301530期停止下注
2021-08-30 15:31:05 [INFO] - 08301530期开奖[1630308665001, 38579.18, 31900.41, 30329.16, 31748.40, 62.50, 1630308665001, 38797.80, 754, 5.76265, 30601.33, 0]
2021-08-30 15:31:55 [INFO] - 08301531期停止下注
2021-08-30 15:32:05 [INFO] - 08301531期开奖[1630308725003, 37546.86, 37546.70, 31698.94, 39974.92, 67.07, 1630308725003, 33550.11, 754, 5.76265, 31181.59, 0]
2021-08-30 15:32:55 [INFO] - 08301532期停止下注
2021-08-30 15:33:05 [INFO] - 08301532期开奖[1630308785005, 38993.27, 35104.98, 32678.13, 35807.29, 27.96, 1630308785005, 33116.08, 754, 5.76265, 33109.66, 0]
2021-08-30 15:33:55 [INFO] - 08301533期停止下注
2021-08-30 15:34:05 [INFO] - 08301533期开奖[1630308845003, 34114.67, 30809.37, 31837.03, 38820.41, 84.64, 1630308845003, 31063.75, 754, 5.76265, 34460.17, 0]
2021-08-30 15:34:55 [INFO] - 08301534期停止下注
2021-08-30 15:35:05 [INFO] - 08301534期开奖[1630308905004, 38707.28, 33697.01, 31379.12, 33281.50, 41.49, 1630308905004, 38715.74, 754, 5.76265, 38809.30, 0]
2021-08-30 15:35:55 [INFO] - 08301535期停止下注
2021-08-30 15:36:05 [INFO] - 08301535期开奖[1630308965003, 32409.94, 35619.53, 36637.05, 37532.56, 80.37, 1630308965004, 34199.48, 754, 5.76265, 36664.09, 0]
2021-08-30 15:36:55 [INFO] - 08301536期停止下注
2021-08-30 15:37:05 [INFO] - 08301536期开奖[1630309025005, 38814.26, 37298.03, 33235.14, 33547.38, 19.85, 1630309025005, 35843.56, 754, 5.76265, 37659.00, 0]
2021-08-30 15:37:55 [INFO] - 08301537期停止下注
2021-08-30 15:38:05 [INFO] - 08301537期开奖[1630309085003, 38635.25, 32807.62, 33699.17, 39302.91, 86.37, 1630309085003, 32083.47, 754, 5.76265, 33356.37, 0]
2021-08-30 15:38:55 [INFO] - 08301538期停止下注
2021-08-30 15:39:05 [INFO] - 08301538期开奖[1630309145004, 31309.28, 37991.97, 34328.65, 33583.81, 14.34, 1630309145004, 32961.64, 754, 5.76265, 33843.22, 0]
2021-08-30 15:39:55 [INFO] - 08301539期停止下注
2021-08-30 15:40:05 [INFO] - 08301539期开奖[1630309205004, 35062.79, 31772.82, 33964.39, 31168.30, 85.74, 1630309205004, 39563.36, 754, 5.76265, 35516.64, 0]
2021-08-30 15:40:55 [INFO] - 08301540期停止下注
2021-08-30 15:41:05 [INFO] - 08301540期开奖[1630309265004, 36458.15, 36688.14, 36299.76, 35243.75, 17.71, 1630309265004, 30498.37, 754, 5.76265, 31037.42, 0]
2021-08-30 15:41:55 [INFO] - 08301541期停止下注
2021-08-30 15:42:05 [INFO] - 08301541期开奖[1630309325004, 38368.51, 38659.69, 31976.00, 32117.71, 79.19, 1630309325004, 36563.89, 754, 5.76265, 34533.54, 0]
2021-08-30 15:42:55 [INFO] - 08301542期停止下注
2021-08-30 15:43:05 [INFO] - 08301542期开奖[1630309385005, 33033.49, 37801.23, 32898.96, 39062.85, 20.00, 1630309385005, 37961.01, 754, 5.76265, 38451.05, 0]
2021-08-30 15:43:55 [INFO] - 08301543期停止下注
2021-08-30 15:44:05 [INFO] - 08301543期开奖[1630309445004, 36087.89, 30554.40, 39405.13, 36984.85, 29.68, 1630309445004, 37791.23, 754, 5.76265, 31281.42, 0]
2021-08-30 15:44:55 [INFO] - 08301544期停止下注
2021-08-30 15:45:05 [INFO] - 08301544期开奖[1630309505003, 35071.01, 37926.27, 31276.40, 36198.64, 21.96, 1630309505003, 38629.20, 754, 5.76265, 35638.81, 0]
2021-08-30 15:45:55 [INFO] - 08301545期停止下注
2021-08-30 15:46:05 [INFO] - 08301545期开奖[1630309565038, 31906.43, 31324.74, 33351.94, 30316.37, 12.47, 1630309565038, 39651.34, 754, 5.76265, 32333.36, 0]
2021-08-30 15:46:55 [INFO] - 08301546期停止下注
2021-08-30 15:47:05 [INFO] - 08301546期开奖[1630309625006, 38162.82, 38593.37, 31818.16, 32355.40, 91.56, 1630309625006, 33913.67, 754, 5.76265, 39387.39, 0]
2021-08-30 15:47:55 [INFO] - 08301547期停止下注
2021-08-30 15:48:05 [INFO] - 08301547期开奖[1630309685005, 39578.55, 39743.46, 31749.31, 33938.42, 51.80, 1630309685005, 33088.32, 754, 5.76265, 34135.79, 0]
2021-08-30 15:48:55 [INFO] - 08301548期停止下注
2021-08-30 15:49:05 [INFO] - 08301548期开奖[1630309745004, 31327.73, 34686.83, 31653.07, 30944.93, 57.71, 1630309745004, 39504.95, 754, 5.76265, 31095.36, 0]
2021-08-30 15:49:55 [INFO] - 08301549期停止下注
2021-08-30 15:50:05 [INFO] - 08301549期开奖[1630309805005, 37842.03, 36722.83, 36319.56, 30357.17, 16.86, 1630309805005, 35876.48, 754, 5.76265, 31776.48, 0]
2021-08-30 15:50:55 [INFO] - 08301550期停止下注
2021-08-30 15:51:05 [INFO] - 08301550期开奖[1630309865004, 38912.89, 31672.41, 30806.87, 30611.92, 47.25, 1630309865004, 36035.95, 754, 5.76265, 32060.98, 0]
2021-08-30 15:51:55 [INFO] - 08301551期停止下注
2021-08-30 15:52:05 [INFO] - 08301551期开奖[1630309925004, 37840.40, 32696.59, 33250.18, 30679.43, 10.72, 1630309925004, 38465.42, 754, 5.76265, 31590.28, 0]
2021-08-30 15:52:55 [INFO] - 08301552期停止下注
2021-08-30 15:53:05 [INFO] - 08301552期开奖[1630309985005, 37484.18, 39040.18, 39447.12, 36718.82, 30.41, 1630309985005, 37529.98, 754, 5.76265, 36856.17, 0]
2021-08-30 15:53:55 [INFO] - 08301553期停止下注
2021-08-30 15:54:05 [INFO] - 08301553期开奖[1630310045005, 37773.84, 31699.04, 37876.99, 37258.65, 26.71, 1630310045005, 38367.67, 754, 5.76265, 38183.22, 0]
2021-08-30 15:54:55 [INFO] - 08301554期停止下注
2021-08-30 15:55:05 [INFO] - 08301554期开奖[1630310105004, 31986.24, 38784.35, 34808.77, 36195.40, 75.50, 1630310105004, 39386.86, 754, 5.76265, 31484.25, 0]
2021-08-30 15:55:55 [INFO] - 08301555期停止下注
2021-08-30 15:56:05 [INFO] - 08301555期开奖[1630310165004, 39064.02, 37436.68, 37726.63, 38957.98, 81.51, 1630310165004, 31775.69, 754, 5.76265, 31786.00, 0]
2021-08-30 15:56:55 [INFO] - 08301556期停止下注
2021-08-30 15:57:05 [INFO] - 08301556期开奖[1630310225005, 36164.76, 36314.44, 33113.78, 36145.95, 88.67, 1630310225005, 36187.13, 754, 5.76265, 31969.32, 0]
2021-08-30 15:57:55 [INFO] - 08301557期停止下注
2021-08-30 15:58:05 [INFO] - 08301557期开奖[1630310285004, 31331.01, 36565.44, 31013.58, 37402.52, 91.06, 1630310285004, 34920.22, 754, 5.76265, 34598.01, 0]
2021-08-30 15:58:55 [INFO] - 08301558期停止下注
2021-08-30 15:59:05 [INFO] - 08301558期开奖[1630310345004, 32290.28, 39604.42, 37698.75, 31522.34, 93.41, 1630310345004, 37634.67, 754, 5.76265, 37034.01, 0]
2021-08-30 15:59:55 [INFO] - 08301559期停止下注
2021-08-30 16:00:05 [INFO] - 08301559期开奖[1630310405003, 35109.56, 36937.87, 37950.89, 30106.49, 34.24, 1630310405003, 34429.82, 754, 5.76265, 31178.15, 0]
2021-08-30 16:00:55 [INFO] - 08301600期停止下注
2021-08-30 16:01:05 [INFO] - 08301600期开奖[1630310465005, 39553.02, 30907.12, 38480.84, 33487.65, 16.79, 1630310465005, 33197.66, 754, 5.76265, 32306.77, 0]
2021-08-30 16:01:55 [INFO] - 08301601期停止下注
2021-08-30 16:02:05 [INFO] - 08301601期开奖[1630310525004, 31975.13, 39407.94, 36840.30, 37844.82, 88.79, 1630310525004, 32869.20, 754, 5.76265, 30196.61, 0]
2021-08-30 16:02:55 [INFO] - 08301602期停止下注
2021-08-30 16:03:05 [INFO] - 08301602期开奖[1630310585005, 36102.81, 30949.84, 33842.61, 38046.46, 13.02, 1630310585005, 33598.77, 754, 5.76265, 39513.20, 0]
2021-08-30 16:03:55 [INFO] - 08301603期停止下注
2021-08-30 16:04:05 [INFO] - 08301603期开奖[1630310645003, 31679.20, 30430.93, 34556.76, 38883.11, 98.92, 1630310645003, 38727.21, 754, 5.76265, 38088.50, 0]
2021-08-30 16:04:55 [INFO] - 08301604期停止下注
2021-08-30 16:05:05 [INFO] - 08301604期开奖[1630310705003, 30368.39, 35506.48, 35458.43, 35163.38, 47.41, 1630310705003, 39699.38, 754, 5.76265, 32026.07, 0]
2021-08-30 16:05:55 [INFO] - 08301605期停止下注
2021-08-30 16:06:05 [INFO] - 08301605期开奖[1630310765005, 32009.63, 36774.88, 39930.88, 32258.30, 91.86, 1630310765007, 35588.24, 754, 5.76265, 39384.24, 0]
2021-08-30 16:06:55 [INFO] - 08301606期停止下注
2021-08-30 16:07:05 [INFO] - 08301606期开奖[1630310825004, 33865.03, 36989.74, 39410.42, 37654.78, 12.48, 1630310825004, 38554.69, 754, 5.76265, 35934.29, 0]
2021-08-30 16:07:55 [INFO] - 08301607期停止下注
2021-08-30 16:08:05 [INFO] - 08301607期开奖[1630310885005, 34062.05, 39530.85, 37516.98, 33895.39, 58.25, 1630310885005, 39253.51, 754, 5.76265, 37726.19, 0]
2021-08-30 16:08:55 [INFO] - 08301608期停止下注
2021-08-30 16:09:05 [INFO] - 08301608期开奖[1630310945005, 32824.53, 33118.97, 32828.88, 34239.30, 82.89, 1630310945005, 33047.65, 754, 5.76265, 30199.39, 0]
2021-08-30 16:09:55 [INFO] - 08301609期停止下注
2021-08-30 16:10:05 [INFO] - 08301609期开奖[1630311005004, 33487.50, 31993.87, 32884.54, 39112.05, 75.01, 1630311005004, 36700.69, 754, 5.76265, 39509.49, 0]
2021-08-30 16:10:55 [INFO] - 08301610期停止下注
2021-08-30 16:11:05 [INFO] - 08301610期开奖[1630311065005, 36731.92, 32747.67, 38226.81, 36631.78, 74.76, 1630311065005, 32967.03, 754, 5.76265, 39541.75, 0]
2021-08-30 16:11:55 [INFO] - 08301611期停止下注
2021-08-30 16:12:05 [INFO] - 08301611期开奖[1630311125020, 38238.73, 37585.49, 39373.02, 39668.30, 24.96, 1630311125020, 38200.12, 754, 5.76265, 30341.83, 0]
2021-08-30 16:12:55 [INFO] - 08301612期停止下注
2021-08-30 16:13:05 [INFO] - 08301612期开奖[1630311185008, 33635.91, 31035.05, 30305.10, 36418.34, 16.36, 1630311185009, 39570.82, 754, 5.76265, 37840.25, 0]
2021-08-30 16:13:55 [INFO] - 08301613期停止下注
2021-08-30 16:14:05 [INFO] - 08301613期开奖[1630311245003, 38071.73, 33312.31, 39052.34, 31590.42, 48.77, 1630311245006, 31689.49, 754, 5.76265, 37572.32, 0]
2021-08-30 16:14:55 [INFO] - 08301614期停止下注
2021-08-30 16:15:05 [INFO] - 08301614期开奖[1630311305001, 30121.68, 31956.15, 36304.20, 31181.51, 55.91, 1630311305001, 33739.84, 754, 5.76265, 33049.99, 0]
2021-08-30 16:15:55 [INFO] - 08301615期停止下注
2021-08-30 16:16:05 [INFO] - 08301615期开奖[1630311365005, 38035.67, 30978.32, 32333.05, 31393.98, 33.84, 1630311365005, 38126.47, 754, 5.76265, 35012.76, 0]
2021-08-30 16:16:55 [INFO] - 08301616期停止下注
2021-08-30 16:17:05 [INFO] - 08301616期开奖[1630311425004, 32793.53, 36536.69, 39549.60, 32470.88, 62.55, 1630311425004, 34571.47, 754, 5.76265, 31721.74, 0]
2021-08-30 16:17:55 [INFO] - 08301617期停止下注
2021-08-30 16:18:05 [INFO] - 08301617期开奖[1630311485005, 30170.82, 35560.82, 39463.48, 38681.08, 49.95, 1630311485005, 30850.10, 754, 5.76265, 38001.84, 0]
2021-08-30 16:18:55 [INFO] - 08301618期停止下注
2021-08-30 16:19:05 [INFO] - 08301618期开奖[1630311545005, 32631.04, 35344.11, 34616.75, 31814.13, 56.23, 1630311545005, 39423.93, 754, 5.76265, 32840.71, 0]
2021-08-30 16:19:55 [INFO] - 08301619期停止下注
2021-08-30 16:20:05 [INFO] - 08301619期开奖[1630311605005, 30124.61, 38954.02, 38699.20, 37654.28, 96.51, 1630311605005, 33545.76, 754, 5.76265, 36648.63, 0]
2021-08-30 16:20:55 [INFO] - 08301620期停止下注
2021-08-30 16:21:05 [INFO] - 08301620期开奖[1630311665005, 36322.47, 39861.81, 32495.49, 36362.34, 35.30, 1630311665006, 38715.61, 754, 5.76265, 37856.99, 0]
2021-08-30 16:21:55 [INFO] - 08301621期停止下注
2021-08-30 16:22:05 [INFO] - 08301621期开奖[1630311725005, 37823.44, 39223.94, 30790.46, 36813.29, 23.59, 1630311725005, 33354.06, 754, 5.76265, 36987.85, 0]
2021-08-30 16:22:55 [INFO] - 08301622期停止下注
2021-08-30 16:23:05 [INFO] - 08301622期开奖[1630311785005, 39138.19, 30295.16, 37670.96, 39950.30, 40.55, 1630311785006, 37992.16, 754, 5.76265, 39963.04, 0]
2021-08-30 16:23:55 [INFO] - 08301623期停止下注
2021-08-30 16:24:05 [INFO] - 08301623期开奖[1630311845008, 39168.81, 31597.80, 33998.95, 36261.70, 79.88, 1630311845008, 38414.27, 754, 5.76265, 32126.26, 0]
2021-08-30 16:24:55 [INFO] - 08301624期停止下注
2021-08-30 16:25:05 [INFO] - 08301624期开奖[1630311905006, 34522.47, 39740.30, 35742.74, 35328.87, 52.85, 1630311905008, 37861.89, 754, 5.76265, 31581.93, 0]
2021-08-30 16:25:55 [INFO] - 08301625期停止下注
2021-08-30 16:26:05 [INFO] - 08301625期开奖[1630311965011, 33033.30, 35299.80, 32845.40, 37023.87, 61.23, 1630311965011, 38054.02, 754, 5.76265, 34328.66, 0]
2021-08-30 16:26:55 [INFO] - 08301626期停止下注
2021-08-30 16:27:05 [INFO] - 08301626期开奖[1630312025009, 32153.98, 36822.80, 38822.44, 32494.38, 71.34, 1630312025009, 31490.40, 754, 5.76265, 38441.73, 0]
2021-08-30 16:27:55 [INFO] - 08301627期停止下注
2021-08-30 16:28:05 [INFO] - 08301627期开奖[1630312085008, 38820.96, 38475.89, 33871.08, 35572.79, 11.10, 1630312085008, 39105.05, 754, 5.76265, 38407.17, 0]
2021-08-30 16:28:55 [INFO] - 08301628期停止下注
2021-08-30 16:29:05 [INFO] - 08301628期开奖[1630312145010, 32192.87, 32118.14, 36520.75, 34767.56, 54.14, 1630312145010, 34385.75, 754, 5.76265, 31768.88, 0]
2021-08-30 16:29:55 [INFO] - 08301629期停止下注
2021-08-30 16:30:05 [INFO] - 08301629期开奖[1630312205010, 30613.89, 35226.33, 36506.11, 34303.99, 67.17, 1630312205010, 36268.84, 754, 5.76265, 37647.66, 0]
2021-08-30 16:30:55 [INFO] - 08301630期停止下注
2021-08-30 16:31:05 [INFO] - 08301630期开奖[1630312265004, 35238.67, 30301.67, 31197.04, 34171.94, 48.17, 1630312265004, 31123.82, 754, 5.76265, 36110.66, 0]
2021-08-30 16:31:55 [INFO] - 08301631期停止下注
2021-08-30 16:32:05 [INFO] - 08301631期开奖[1630312325004, 37469.24, 37240.91, 31016.65, 36972.72, 90.54, 1630312325004, 38953.76, 754, 5.76265, 38913.37, 0]
2021-08-30 16:32:55 [INFO] - 08301632期停止下注
2021-08-30 16:33:05 [INFO] - 08301632期开奖[1630312385004, 34705.15, 37915.98, 39275.66, 30121.09, 89.76, 1630312385004, 33940.57, 754, 5.76265, 34549.81, 0]
2021-08-30 16:33:55 [INFO] - 08301633期停止下注
2021-08-30 16:34:05 [INFO] - 08301633期开奖[1630312445005, 30081.25, 37315.32, 34405.96, 30166.79, 66.00, 1630312445005, 31684.28, 754, 5.76265, 39954.32, 0]
2021-08-30 16:34:55 [INFO] - 08301634期停止下注
2021-08-30 16:35:05 [INFO] - 08301634期开奖[1630312505002, 36591.73, 30377.63, 38435.34, 35888.79, 37.01, 1630312505002, 33061.86, 754, 5.76265, 33569.03, 0]
2021-08-30 16:35:55 [INFO] - 08301635期停止下注
2021-08-30 16:36:05 [INFO] - 08301635期开奖[1630312565004, 31693.39, 32350.60, 31872.82, 36970.10, 52.23, 1630312565004, 33355.47, 754, 5.76265, 38649.05, 0]
2021-08-30 16:36:55 [INFO] - 08301636期停止下注
2021-08-30 16:37:05 [INFO] - 08301636期开奖[1630312625005, 38781.03, 30120.82, 38870.90, 37353.26, 67.17, 1630312625005, 39977.05, 754, 5.76265, 37548.48, 0]
2021-08-30 16:37:55 [INFO] - 08301637期停止下注
2021-08-30 16:38:05 [INFO] - 08301637期开奖[1630312685006, 38638.27, 32137.89, 35733.57, 36477.89, 81.35, 1630312685006, 36125.93, 754, 5.76265, 35110.14, 0]
2021-08-30 16:38:55 [INFO] - 08301638期停止下注
2021-08-30 16:39:05 [INFO] - 08301638期开奖[1630312745004, 32963.79, 36984.06, 31107.81, 37073.58, 98.26, 1630312745004, 38278.09, 754, 5.76265, 38379.44, 0]
2021-08-30 16:39:55 [INFO] - 08301639期停止下注
2021-08-30 16:40:05 [INFO] - 08301639期开奖[1630312805016, 39405.72, 34202.94, 39023.16, 33952.25, 45.55, 1630312805016, 39174.87, 754, 5.76265, 31604.86, 0]
2021-08-30 16:40:55 [INFO] - 08301640期停止下注
2021-08-30 16:41:05 [INFO] - 08301640期开奖[1630312865011, 39579.07, 30219.34, 37876.99, 39277.29, 83.76, 1630312865012, 34568.17, 754, 5.76265, 39051.85, 0]
2021-08-30 16:41:55 [INFO] - 08301641期停止下注
2021-08-30 16:42:05 [INFO] - 08301641期开奖[1630312925006, 38699.32, 32854.66, 36580.47, 33513.15, 44.28, 1630312925006, 32263.32, 754, 5.76265, 37316.02, 0]
2021-08-30 16:42:55 [INFO] - 08301642期停止下注
2021-08-30 16:43:05 [INFO] - 08301642期开奖[1630312985004, 39996.36, 30401.88, 32509.77, 38472.98, 18.40, 1630312985004, 38444.07, 754, 5.76265, 35792.95, 0]
2021-08-30 16:43:55 [INFO] - 08301643期停止下注
2021-08-30 16:44:05 [INFO] - 08301643期开奖[1630313045008, 31471.79, 37671.54, 33994.69, 34727.09, 38.00, 1630313045008, 35219.95, 754, 5.76265, 37757.02, 0]
2021-08-30 16:44:55 [INFO] - 08301644期停止下注
2021-08-30 16:45:05 [INFO] - 08301644期开奖[1630313105010, 37302.99, 35944.83, 31047.38, 35598.57, 14.07, 1630313105010, 39239.55, 754, 5.76265, 36978.44, 0]
2021-08-30 16:45:55 [INFO] - 08301645期停止下注
2021-08-30 16:46:05 [INFO] - 08301645期开奖[1630313165010, 35901.86, 37101.51, 34948.92, 37959.30, 16.05, 1630313165010, 38179.79, 754, 5.76265, 39517.46, 0]
2021-08-30 16:46:55 [INFO] - 08301646期停止下注
2021-08-30 16:47:05 [INFO] - 08301646期开奖[1630313225005, 33870.05, 32582.13, 30556.31, 38823.21, 99.79, 1630313225005, 30290.86, 754, 5.76265, 39224.07, 0]
2021-08-30 16:47:55 [INFO] - 08301647期停止下注
2021-08-30 16:48:05 [INFO] - 08301647期开奖[1630313285005, 33870.90, 34082.59, 30853.62, 30865.94, 99.03, 1630313285006, 30213.27, 754, 5.76265, 37162.39, 0]
2021-08-30 16:48:55 [INFO] - 08301648期停止下注
2021-08-30 16:49:05 [INFO] - 08301648期开奖[1630313345004, 36797.37, 39728.04, 38516.79, 32145.57, 32.66, 1630313345004, 33352.44, 754, 5.76265, 34647.53, 0]
2021-08-30 16:49:55 [INFO] - 08301649期停止下注
2021-08-30 16:50:05 [INFO] - 08301649期开奖[1630313405002, 33999.23, 35673.76, 35059.33, 31433.57, 66.66, 1630313405002, 36106.26, 754, 5.76265, 32693.49, 0]
2021-08-30 16:50:55 [INFO] - 08301650期停止下注
2021-08-30 16:51:05 [INFO] - 08301650期开奖[1630313465004, 36572.71, 32275.87, 39085.27, 37082.42, 28.74, 1630313465004, 37337.87, 754, 5.76265, 30972.09, 0]
2021-08-30 16:51:55 [INFO] - 08301651期停止下注
2021-08-30 16:52:05 [INFO] - 08301651期开奖[1630313525009, 38879.62, 31805.21, 33433.13, 35715.02, 90.78, 1630313525011, 38895.01, 754, 5.76265, 39297.86, 0]
2021-08-30 16:52:55 [INFO] - 08301652期停止下注
2021-08-30 16:53:05 [INFO] - 08301652期开奖[1630313585002, 31785.22, 37239.89, 35824.63, 33404.15, 60.84, 1630313585002, 31363.62, 754, 5.76265, 36331.26, 0]
2021-08-30 16:53:55 [INFO] - 08301653期停止下注
2021-08-30 16:54:05 [INFO] - 08301653期开奖[1630313645007, 32375.57, 34861.07, 33939.87, 33716.99, 98.31, 1630313645007, 31175.81, 754, 5.76265, 33404.11, 0]
2021-08-30 16:54:55 [INFO] - 08301654期停止下注
2021-08-30 16:55:05 [INFO] - 08301654期开奖[1630313705008, 31575.04, 36615.98, 30337.11, 31676.18, 31.97, 1630313705008, 33046.02, 754, 5.76265, 34793.82, 0]
2021-08-30 16:55:55 [INFO] - 08301655期停止下注
2021-08-30 16:56:05 [INFO] - 08301655期开奖[1630313765008, 31138.08, 37219.45, 33786.10, 34893.38, 60.13, 1630313765008, 38236.45, 754, 5.76265, 39588.16, 0]
2021-08-30 16:56:55 [INFO] - 08301656期停止下注
2021-08-30 16:57:05 [INFO] - 08301656期开奖[1630313825009, 36570.71, 39442.25, 36990.74, 36785.68, 27.00, 1630313825009, 39882.99, 754, 5.76265, 38127.83, 0]
2021-08-30 16:57:55 [INFO] - 08301657期停止下注
2021-08-30 16:58:05 [INFO] - 08301657期开奖[1630313885009, 30716.27, 31928.20, 33201.05, 38583.46, 47.76, 1630313885009, 30168.57, 754, 5.76265, 36266.94, 0]
2021-08-30 16:58:55 [INFO] - 08301658期停止下注
2021-08-30 16:59:05 [INFO] - 08301658期开奖[1630313945007, 32273.28, 36977.50, 37173.37, 33378.81, 22.51, 1630313945007, 34124.36, 754, 5.76265, 38951.01, 0]
2021-08-30 16:59:55 [INFO] - 08301659期停止下注
2021-08-30 17:00:05 [INFO] - 08301659期开奖[1630314005010, 39078.94, 35532.89, 34276.24, 38668.26, 60.78, 1630314005010, 37433.87, 754, 5.76265, 34768.79, 0]
2021-08-30 17:00:55 [INFO] - 08301700期停止下注
2021-08-30 17:01:05 [INFO] - 08301700期开奖[1630314065009, 33539.07, 37160.02, 36959.81, 33139.25, 62.07, 1630314065009, 35894.28, 754, 5.76265, 30607.78, 0]
2021-08-30 17:01:55 [INFO] - 08301701期停止下注
2021-08-30 17:02:05 [INFO] - 08301701期开奖[1630314125005, 36423.18, 37573.41, 38441.30, 32942.37, 93.21, 1630314125005, 35296.64, 754, 5.76265, 31141.84, 0]
2021-08-30 17:02:55 [INFO] - 08301702期停止下注
2021-08-30 17:03:05 [INFO] - 08301702期开奖[1630314185005, 35150.74, 30447.69, 33091.58, 37408.44, 48.12, 1630314185005, 34233.12, 754, 5.76265, 32857.27, 0]
2021-08-30 17:03:55 [INFO] - 08301703期停止下注
2021-08-30 17:04:05 [INFO] - 08301703期开奖[1630314245021, 32196.72, 31745.97, 39227.94, 39182.80, 55.25, 1630314245021, 38681.30, 754, 5.76265, 32570.57, 0]
2021-08-30 17:04:55 [INFO] - 08301704期停止下注
2021-08-30 17:05:05 [INFO] - 08301704期开奖[1630314305006, 36077.06, 35875.73, 36782.81, 39254.02, 16.98, 1630314305006, 34552.51, 754, 5.76265, 36336.34, 0]
2021-08-30 17:05:55 [INFO] - 08301705期停止下注
2021-08-30 17:06:05 [INFO] - 08301705期开奖[1630314365005, 30877.96, 36097.13, 32893.29, 34018.04, 78.58, 1630314365005, 31814.82, 754, 5.76265, 30304.20, 0]
2021-08-30 17:06:55 [INFO] - 08301706期停止下注
2021-08-30 17:07:05 [INFO] - 08301706期开奖[1630314425005, 39984.77, 38847.96, 31128.26, 38953.66, 70.48, 1630314425005, 33198.30, 754, 5.76265, 31265.32, 0]
2021-08-30 17:07:55 [INFO] - 08301707期停止下注
2021-08-30 17:08:05 [INFO] - 08301707期开奖[1630314485003, 34254.34, 36304.04, 37164.01, 37743.90, 64.02, 1630314485003, 33518.69, 754, 5.76265, 38873.32, 0]
2021-08-30 17:08:55 [INFO] - 08301708期停止下注
2021-08-30 17:09:05 [INFO] - 08301708期开奖[1630314545004, 31890.41, 34734.71, 38943.98, 32697.52, 78.78, 1630314545004, 31704.96, 754, 5.76265, 34497.08, 0]
2021-08-30 17:09:55 [INFO] - 08301709期停止下注
2021-08-30 17:10:05 [INFO] - 08301709期开奖[1630314605006, 30154.92, 33717.19, 35081.48, 37052.76, 28.40, 1630314605006, 38301.79, 754, 5.76265, 38283.63, 0]
2021-08-30 17:10:55 [INFO] - 08301710期停止下注
2021-08-30 17:11:05 [INFO] - 08301710期开奖[1630314665006, 32960.16, 37661.58, 34940.52, 38667.27, 24.53, 1630314665006, 34140.51, 754, 5.76265, 38570.93, 0]
2021-08-30 17:11:55 [INFO] - 08301711期停止下注
2021-08-30 17:12:05 [INFO] - 08301711期开奖[1630314725005, 30868.25, 38811.20, 32661.94, 33769.48, 87.32, 1630314725005, 33427.82, 754, 5.76265, 39826.58, 0]
2021-08-30 17:12:55 [INFO] - 08301712期停止下注
2021-08-30 17:13:05 [INFO] - 08301712期开奖[1630314785004, 33899.13, 34305.58, 36344.72, 32117.55, 43.77, 1630314785004, 32495.74, 754, 5.76265, 30151.70, 0]
2021-08-30 17:13:55 [INFO] - 08301713期停止下注
2021-08-30 17:14:05 [INFO] - 08301713期开奖[1630314845003, 33995.88, 30258.35, 36671.80, 30766.97, 30.70, 1630314845003, 38237.87, 754, 5.76265, 37414.32, 0]
2021-08-30 17:14:55 [INFO] - 08301714期停止下注
2021-08-30 17:15:05 [INFO] - 08301714期开奖[1630314905006, 31295.84, 39081.89, 31945.46, 30248.56, 77.79, 1630314905006, 35070.27, 754, 5.76265, 30678.80, 0]
2021-08-30 17:15:55 [INFO] - 08301715期停止下注
2021-08-30 17:16:05 [INFO] - 08301715期开奖[1630314965005, 36225.31, 31828.00, 37295.29, 32301.27, 73.50, 1630314965005, 31219.78, 754, 5.76265, 33404.57, 0]
2021-08-30 17:16:55 [INFO] - 08301716期停止下注
2021-08-30 17:17:05 [INFO] - 08301716期开奖[1630315025005, 36534.05, 39405.05, 31277.92, 39318.07, 21.46, 1630315025005, 39239.05, 754, 5.76265, 34309.12, 0]
2021-08-30 17:17:55 [INFO] - 08301717期停止下注
2021-08-30 17:18:05 [INFO] - 08301717期开奖[1630315085005, 31266.93, 37679.59, 31888.79, 33617.64, 23.72, 1630315085005, 36405.52, 754, 5.76265, 36873.61, 0]
2021-08-30 17:18:55 [INFO] - 08301718期停止下注
2021-08-30 17:19:05 [INFO] - 08301718期开奖[1630315145005, 33490.15, 39481.15, 30778.91, 34233.96, 77.89, 1630315145005, 35953.31, 754, 5.76265, 36610.16, 0]
2021-08-30 17:19:55 [INFO] - 08301719期停止下注
2021-08-30 17:20:05 [INFO] - 08301719期开奖[1630315205003, 32893.03, 38816.56, 30051.06, 30600.90, 75.91, 1630315205004, 33574.57, 754, 5.76265, 39868.96, 0]
2021-08-30 17:20:55 [INFO] - 08301720期停止下注
2021-08-30 17:21:05 [INFO] - 08301720期开奖[1630315265004, 30880.49, 37830.85, 33067.87, 31670.61, 66.28, 1630315265004, 30378.13, 754, 5.76265, 31094.68, 0]
2021-08-30 17:21:55 [INFO] - 08301721期停止下注
2021-08-30 17:22:05 [INFO] - 08301721期开奖[1630315325005, 38432.01, 38355.06, 37081.84, 30826.69, 25.88, 1630315325005, 31589.29, 754, 5.76265, 35424.13, 0]
2021-08-30 17:22:55 [INFO] - 08301722期停止下注
2021-08-30 17:23:05 [INFO] - 08301722期开奖[1630315385005, 39081.63, 33723.12, 38518.24, 37885.18, 19.46, 1630315385005, 30639.36, 754, 5.76265, 36489.45, 0]
2021-08-30 17:23:55 [INFO] - 08301723期停止下注
2021-08-30 17:24:05 [INFO] - 08301723期开奖[1630315445005, 35361.31, 39649.83, 36811.04, 31339.57, 25.73, 1630315445005, 39753.31, 754, 5.76265, 37459.85, 0]
2021-08-30 17:24:55 [INFO] - 08301724期停止下注
2021-08-30 17:25:05 [INFO] - 08301724期开奖[1630315505002, 33683.29, 33009.43, 35460.68, 38697.98, 43.57, 1630315505002, 32096.74, 754, 5.76265, 32245.87, 0]
2021-08-30 17:25:55 [INFO] - 08301725期停止下注
2021-08-30 17:26:05 [INFO] - 08301725期开奖[1630315565005, 33656.22, 37429.57, 34557.72, 32992.89, 15.82, 1630315565005, 37256.81, 754, 5.76265, 38681.11, 0]
2021-08-30 17:26:55 [INFO] - 08301726期停止下注
2021-08-30 17:27:05 [INFO] - 08301726期开奖[1630315625004, 38550.73, 30119.79, 35743.21, 33545.78, 84.67, 1630315625004, 32628.70, 754, 5.76265, 37198.38, 0]
2021-08-30 17:27:55 [INFO] - 08301727期停止下注
2021-08-30 17:28:05 [INFO] - 08301727期开奖[1630315685005, 36163.24, 39030.82, 39106.06, 34272.27, 60.24, 1630315685005, 34605.40, 754, 5.76265, 36279.98, 0]
2021-08-30 17:28:55 [INFO] - 08301728期停止下注
2021-08-30 17:29:05 [INFO] - 08301728期开奖[1630315745020, 39793.04, 31974.98, 33118.06, 35075.16, 59.33, 1630315745020, 37528.71, 754, 5.76265, 31556.63, 0]
2021-08-30 17:29:55 [INFO] - 08301729期停止下注
2021-08-30 17:30:05 [INFO] - 08301729期开奖[1630315805005, 38961.96, 32159.36, 38819.90, 37912.35, 26.04, 1630315805005, 31751.54, 754, 5.76265, 34336.97, 0]
2021-08-30 17:30:55 [INFO] - 08301730期停止下注
2021-08-30 17:31:05 [INFO] - 08301730期开奖[1630315865005, 35122.94, 35693.95, 38834.37, 39727.92, 98.01, 1630315865005, 35764.81, 754, 5.76265, 34028.96, 0]
2021-08-30 17:31:55 [INFO] - 08301731期停止下注
2021-08-30 17:32:05 [INFO] - 08301731期开奖[1630315925002, 34740.22, 37830.04, 39608.20, 34882.13, 15.13, 1630315925002, 33644.07, 754, 5.76265, 34835.30, 0]
2021-08-30 17:32:55 [INFO] - 08301732期停止下注
2021-08-30 17:33:05 [INFO] - 08301732期开奖[1630315985004, 30088.67, 30109.17, 31361.35, 32486.50, 32.38, 1630315985004, 38552.36, 754, 5.76265, 38406.64, 0]
2021-08-30 17:33:55 [INFO] - 08301733期停止下注
2021-08-30 17:34:05 [INFO] - 08301733期开奖[1630316045004, 37819.15, 39302.60, 33435.80, 31534.13, 16.08, 1630316045004, 30517.78, 754, 5.76265, 35155.87, 0]
2021-08-30 17:34:55 [INFO] - 08301734期停止下注
2021-08-30 17:35:05 [INFO] - 08301734期开奖[1630316105003, 37232.49, 39804.37, 33916.04, 36060.45, 88.64, 1630316105003, 39916.63, 754, 5.76265, 33648.39, 0]
2021-08-30 17:35:55 [INFO] - 08301735期停止下注
2021-08-30 17:36:05 [INFO] - 08301735期开奖[1630316165005, 31470.25, 30702.29, 31003.03, 39957.56, 35.67, 1630316165005, 34367.90, 754, 5.76265, 32137.95, 0]
2021-08-30 17:36:55 [INFO] - 08301736期停止下注
2021-08-30 17:37:05 [INFO] - 08301736期开奖[1630316225003, 37009.44, 31656.36, 30728.53, 38424.83, 53.06, 1630316225003, 39634.90, 754, 5.76265, 34446.08, 0]
2021-08-30 17:37:55 [INFO] - 08301737期停止下注
2021-08-30 17:38:05 [INFO] - 08301737期开奖[1630316285005, 30133.79, 34716.14, 36047.23, 32873.67, 84.33, 1630316285005, 35141.53, 754, 5.76265, 32992.13, 0]
